<?xml version="1.0" encoding="UTF-8"?>
<!-- Generated by org.testng.reporters.JUnitXMLReporter -->
<testsuite hostname="DESKTOP-RQLNUST" ignored="0" name="Testing Multiple Programs" tests="8" failures="0" timestamp="21 Aug 2020 11:45:47 GMT" time="0.088" errors="0">
  <testcase name="fibonacci" time="0.014" classname="test.java.helloworld"/>
  <testcase name="leapyear" time="0.004" classname="test.java.helloworld"/>
  <testcase name="number" time="0.004" classname="test.java.helloworld"/>
  <testcase name="sample" time="0.0" classname="test.java.helloworld"/>
  <testcase name="sum" time="0.0" classname="test.java.helloworld"/>
  <testcase name="test" time="0.004" classname="test.java.helloworld"/>
  <testcase name="text" time="0.004" classname="test.java.helloworld"/>
  <testcase name="CheckNumSeries" time="0.0" classname="test.java.Fibonacci"/>
</testsuite> <!-- Testing Multiple Programs -->
