<?xml version="1.0" encoding="UTF-8"?>
<testng-results skipped="0" failed="0" ignored="0" total="8" passed="8">
  <reporter-output>
  </reporter-output>
  <suite name="Default suite" duration-ms="94" started-at="2020-08-24T10:59:08Z" finished-at="2020-08-24T10:59:08Z">
    <groups>
    </groups>
    <test name="Default test" duration-ms="94" started-at="2020-08-24T10:59:08Z" finished-at="2020-08-24T10:59:08Z">
      <class name="test.java.helloworld">
        <test-method status="PASS" signature="Message()[pri:0, instance:test.java.helloworld@3a82f6ef]" name="Message" duration-ms="14" started-at="2020-08-24T16:29:08Z" finished-at="2020-08-24T16:29:08Z">
          <reporter-output>
          </reporter-output>
        </test-method> <!-- Message -->
        <test-method status="PASS" signature="fibonacci()[pri:0, instance:test.java.helloworld@3a82f6ef]" name="fibonacci" duration-ms="5" started-at="2020-08-24T16:29:08Z" finished-at="2020-08-24T16:29:08Z">
          <reporter-output>
          </reporter-output>
        </test-method> <!-- fibonacci -->
        <test-method status="PASS" signature="leapyear()[pri:0, instance:test.java.helloworld@3a82f6ef]" name="leapyear" duration-ms="2" started-at="2020-08-24T16:29:08Z" finished-at="2020-08-24T16:29:08Z">
          <reporter-output>
          </reporter-output>
        </test-method> <!-- leapyear -->
        <test-method status="PASS" signature="number()[pri:0, instance:test.java.helloworld@3a82f6ef]" name="number" duration-ms="2" started-at="2020-08-24T16:29:08Z" finished-at="2020-08-24T16:29:08Z">
          <reporter-output>
          </reporter-output>
        </test-method> <!-- number -->
        <test-method status="PASS" signature="sample()[pri:0, instance:test.java.helloworld@3a82f6ef]" name="sample" duration-ms="3" started-at="2020-08-24T16:29:08Z" finished-at="2020-08-24T16:29:08Z">
          <reporter-output>
          </reporter-output>
        </test-method> <!-- sample -->
        <test-method status="PASS" signature="sum()[pri:0, instance:test.java.helloworld@3a82f6ef]" name="sum" duration-ms="3" started-at="2020-08-24T16:29:08Z" finished-at="2020-08-24T16:29:08Z">
          <reporter-output>
          </reporter-output>
        </test-method> <!-- sum -->
        <test-method status="PASS" signature="test()[pri:0, instance:test.java.helloworld@3a82f6ef]" name="test" duration-ms="3" started-at="2020-08-24T16:29:08Z" finished-at="2020-08-24T16:29:08Z">
          <reporter-output>
          </reporter-output>
        </test-method> <!-- test -->
        <test-method status="PASS" signature="text()[pri:0, instance:test.java.helloworld@3a82f6ef]" name="text" duration-ms="2" started-at="2020-08-24T16:29:08Z" finished-at="2020-08-24T16:29:08Z">
          <reporter-output>
          </reporter-output>
        </test-method> <!-- text -->
      </class> <!-- test.java.helloworld -->
    </test> <!-- Default test -->
  </suite> <!-- Default suite -->
</testng-results>
