<?xml version="1.0" encoding="UTF-8"?>
<!-- Generated by org.testng.reporters.JUnitXMLReporter -->
<testsuite hostname="DESKTOP-RQLNUST" ignored="0" name="Default test" tests="8" failures="0" timestamp="24 Aug 2020 10:59:08 GMT" time="0.094" errors="0">
  <testcase name="Message" time="0.014" classname="test.java.helloworld"/>
  <testcase name="fibonacci" time="0.005" classname="test.java.helloworld"/>
  <testcase name="leapyear" time="0.002" classname="test.java.helloworld"/>
  <testcase name="number" time="0.002" classname="test.java.helloworld"/>
  <testcase name="sample" time="0.003" classname="test.java.helloworld"/>
  <testcase name="sum" time="0.003" classname="test.java.helloworld"/>
  <testcase name="test" time="0.003" classname="test.java.helloworld"/>
  <testcase name="text" time="0.002" classname="test.java.helloworld"/>
</testsuite> <!-- Default test -->
